[ 2017-05-23T09:54:57+08:00 ] 127.0.0.1 /favicon.ico
INFO: [ app_init ] --START--
INFO: Run Behavior\BuildLiteBehavior [ RunTime:0.000046s ]
INFO: [ app_init ] --END-- [ RunTime:0.001451s ]

[ 2017-05-23T11:00:55+08:00 ] 127.0.0.1 /admin
INFO: [ app_init ] --START--
INFO: Run Behavior\BuildLiteBehavior [ RunTime:0.000059s ]
INFO: [ app_init ] --END-- [ RunTime:0.001627s ]
INFO: [ app_begin ] --START--
INFO: Run Behavior\ReadHtmlCacheBehavior [ RunTime:0.000993s ]
INFO: [ app_begin ] --END-- [ RunTime:0.001296s ]
SQL: SHOW COLUMNS FROM `j_company` [ RunTime:0.0661s ]
SQL: SELECT `content` FROM `j_company` LIMIT 1   [ RunTime:0.0078s ]
INFO: [ view_parse ] --START--
INFO: [ template_filter ] --START--
INFO: Run Behavior\ContentReplaceBehavior [ RunTime:0.000385s ]
INFO: [ template_filter ] --END-- [ RunTime:0.000628s ]
INFO: Run Behavior\ParseTemplateBehavior [ RunTime:0.038668s ]
INFO: [ view_parse ] --END-- [ RunTime:0.038922s ]
INFO: [ view_filter ] --START--
INFO: Run Behavior\WriteHtmlCacheBehavior [ RunTime:0.001884s ]
INFO: [ view_filter ] --END-- [ RunTime:0.002038s ]
INFO: [ app_end ] --START--
INFO: Run Behavior\ShowPageTraceBehavior [ RunTime:0.003405s ]
INFO: [ app_end ] --END-- [ RunTime:0.003553s ]

[ 2017-05-23T11:00:55+08:00 ] 127.0.0.1 /login/verify.html
INFO: [ app_init ] --START--
INFO: Run Behavior\BuildLiteBehavior [ RunTime:0.000035s ]
INFO: [ app_init ] --END-- [ RunTime:0.000382s ]
INFO: [ app_begin ] --START--
INFO: Run Behavior\ReadHtmlCacheBehavior [ RunTime:0.000596s ]
INFO: [ app_begin ] --END-- [ RunTime:0.000841s ]
INFO: [ app_end ] --START--
INFO: Run Behavior\ShowPageTraceBehavior [ RunTime:0.000862s ]
INFO: [ app_end ] --END-- [ RunTime:0.001133s ]

