[ 2017-05-03T08:59:39+08:00 ] 127.0.0.1 /p?c1=1&c2=6036207&c3=&c4=0&c5=&c6=&c10=&c11=72CDC9761FB8F3457DA5583B1BA3D54D95A54075&c7=http%3A//mini2015.qq.com/mini2015_index.htm%3Fgeo_location%3D%25E5%25B1%25B1%25E4%25B8%259C%25E7%259C%2581%2C%25E6%25B5%258E%25E5%258D%2597%25E5%25B8%2582%26time%3Dtrue%26Width%3D750%26Height%3D540&c8=%u8FF7%u4F60%u9996%u9875&c9=http%3A//mini2015.qq.com/proxy.htm%3Fminikey%3DEDA5C115B1C28CEC4F67183238689EE2303F73C5CD7A97689B73BB1CBDCA2BA8%26miniuin%3D462368783%26nickname%3D%25CE%25BEsun%25CE%25B5%25E7%25A5%2598%25CE%25B6%25E9%2580%2591%25E3%2580%2587%26ptlang%3D2052%26ver%3D5515%26ip%3D219.239.133.66%26autopopup%3D1%26skinId%3D0%26ADUIN%3D462368783%26ADSESSION%3D1493773109%26ADTAG%3DCLIENT.QQ.5515_SingleWindow.0%26ADPUBNO%3D26657%26opensrc%3D1%26srctype%3D0%26Height%3D540%26Width%3D750&rn=0.4195344145409763&cv=2.0
INFO: [ app_init ] --START--
INFO: Run Behavior\BuildLiteBehavior [ RunTime:0.000046s ]
INFO: [ app_init ] --END-- [ RunTime:0.009572s ]
INFO: [ app_begin ] --START--
INFO: Run Behavior\ReadHtmlCacheBehavior [ RunTime:0.001849s ]
INFO: [ app_begin ] --END-- [ RunTime:0.002322s ]
ERR: 无法加载控制器:P

[ 2017-05-03T13:14:31+08:00 ] 127.0.0.1 /p?c1=1&c2=6036207&c3=4&c4=0&c5=&c6=&c10=&c11=4C0AACAC0EEDD720180188BAD081C8EE&c7=http%3A//v.sports.qq.com/%3Fpgv_ref%3Daio2015%26ptlang%3D2052%23/cover/yq6br5aytqdcame/x0023s7pqw6&c8=%u6B66%u672F%u8FD8%u662F%u9B54%u672F%uFF1F%u592A%u6781%u4F20%u4EBA%u95EB%u82B3%u201C%u9694%u7A7A%u6253%u4EBA%u201D%u5F15%u53D1%u70ED%u8BAE%20-%20%u817E%u8BAF%u4F53%u80B2%u89C6%u9891&c9=&rn=0.25011728052049875&cv=2.0
INFO: [ app_init ] --START--
INFO: Run Behavior\BuildLiteBehavior [ RunTime:0.000040s ]
INFO: [ app_init ] --END-- [ RunTime:0.011543s ]
INFO: [ app_begin ] --START--
INFO: Run Behavior\ReadHtmlCacheBehavior [ RunTime:0.002722s ]
INFO: [ app_begin ] --END-- [ RunTime:0.005842s ]
ERR: 无法加载控制器:P

[ 2017-05-03T14:57:52+08:00 ] 127.0.0.1 /favicon.ico
INFO: [ app_init ] --START--
INFO: Run Behavior\BuildLiteBehavior [ RunTime:0.000074s ]
INFO: [ app_init ] --END-- [ RunTime:0.001168s ]

[ 2017-05-03T14:58:03+08:00 ] 127.0.0.1 /Public/weixin/css/bootstrap.min.css.map
INFO: [ app_init ] --START--
INFO: Run Behavior\BuildLiteBehavior [ RunTime:0.000037s ]
INFO: [ app_init ] --END-- [ RunTime:0.000715s ]
INFO: [ app_begin ] --START--
INFO: Run Behavior\ReadHtmlCacheBehavior [ RunTime:0.000684s ]
INFO: [ app_begin ] --END-- [ RunTime:0.000867s ]
ERR: 无法加载控制器:Public

[ 2017-05-03T14:58:04+08:00 ] 127.0.0.1 /Public/weixin/js/jquery.min.map
INFO: [ app_init ] --START--
INFO: Run Behavior\BuildLiteBehavior [ RunTime:0.000110s ]
INFO: [ app_init ] --END-- [ RunTime:0.003464s ]
INFO: [ app_begin ] --START--
INFO: Run Behavior\ReadHtmlCacheBehavior [ RunTime:0.001201s ]
INFO: [ app_begin ] --END-- [ RunTime:0.001611s ]
ERR: 无法加载控制器:Public

[ 2017-05-03T14:58:04+08:00 ] 127.0.0.1 /Public/weixin/css/bootstrap.min.css.map
INFO: [ app_init ] --START--
INFO: Run Behavior\BuildLiteBehavior [ RunTime:0.000042s ]
INFO: [ app_init ] --END-- [ RunTime:0.000967s ]
INFO: [ app_begin ] --START--
INFO: Run Behavior\ReadHtmlCacheBehavior [ RunTime:0.000935s ]
INFO: [ app_begin ] --END-- [ RunTime:0.001135s ]
ERR: 无法加载控制器:Public

[ 2017-05-03T14:58:05+08:00 ] 127.0.0.1 /Public/weixin/js/jquery.min.map
INFO: [ app_init ] --START--
INFO: Run Behavior\BuildLiteBehavior [ RunTime:0.000038s ]
INFO: [ app_init ] --END-- [ RunTime:0.000607s ]
INFO: [ app_begin ] --START--
INFO: Run Behavior\ReadHtmlCacheBehavior [ RunTime:0.000713s ]
INFO: [ app_begin ] --END-- [ RunTime:0.000889s ]
ERR: 无法加载控制器:Public

[ 2017-05-03T14:58:05+08:00 ] 127.0.0.1 /Public/weixin/css/bootstrap.min.css.map
INFO: [ app_init ] --START--
INFO: Run Behavior\BuildLiteBehavior [ RunTime:0.000034s ]
INFO: [ app_init ] --END-- [ RunTime:0.000584s ]
INFO: [ app_begin ] --START--
INFO: Run Behavior\ReadHtmlCacheBehavior [ RunTime:0.000622s ]
INFO: [ app_begin ] --END-- [ RunTime:0.000832s ]
ERR: 无法加载控制器:Public

[ 2017-05-03T14:58:08+08:00 ] 127.0.0.1 /Public/weixin/js/jquery.min.map
INFO: [ app_init ] --START--
INFO: Run Behavior\BuildLiteBehavior [ RunTime:0.000039s ]
INFO: [ app_init ] --END-- [ RunTime:0.000745s ]
INFO: [ app_begin ] --START--
INFO: Run Behavior\ReadHtmlCacheBehavior [ RunTime:0.001229s ]
INFO: [ app_begin ] --END-- [ RunTime:0.001512s ]
ERR: 无法加载控制器:Public

[ 2017-05-03T14:58:09+08:00 ] 127.0.0.1 /Public/weixin/css/bootstrap.min.css.map
INFO: [ app_init ] --START--
INFO: Run Behavior\BuildLiteBehavior [ RunTime:0.000036s ]
INFO: [ app_init ] --END-- [ RunTime:0.000724s ]
INFO: [ app_begin ] --START--
INFO: Run Behavior\ReadHtmlCacheBehavior [ RunTime:0.000645s ]
INFO: [ app_begin ] --END-- [ RunTime:0.000823s ]
ERR: 无法加载控制器:Public

[ 2017-05-03T14:58:32+08:00 ] 127.0.0.1 /Public/weixin/js/jquery.min.map
INFO: [ app_init ] --START--
INFO: Run Behavior\BuildLiteBehavior [ RunTime:0.000076s ]
INFO: [ app_init ] --END-- [ RunTime:0.001198s ]
INFO: [ app_begin ] --START--
INFO: Run Behavior\ReadHtmlCacheBehavior [ RunTime:0.000688s ]
INFO: [ app_begin ] --END-- [ RunTime:0.000880s ]
ERR: 无法加载控制器:Public

[ 2017-05-03T14:58:32+08:00 ] 127.0.0.1 /Public/weixin/css/bootstrap.min.css.map
INFO: [ app_init ] --START--
INFO: Run Behavior\BuildLiteBehavior [ RunTime:0.000073s ]
INFO: [ app_init ] --END-- [ RunTime:0.001031s ]
INFO: [ app_begin ] --START--
INFO: Run Behavior\ReadHtmlCacheBehavior [ RunTime:0.000907s ]
INFO: [ app_begin ] --END-- [ RunTime:0.001181s ]
ERR: 无法加载控制器:Public

[ 2017-05-03T14:58:35+08:00 ] 127.0.0.1 /Public/weixin/js/jquery.min.map
INFO: [ app_init ] --START--
INFO: Run Behavior\BuildLiteBehavior [ RunTime:0.000101s ]
INFO: [ app_init ] --END-- [ RunTime:0.001961s ]
INFO: [ app_begin ] --START--
INFO: Run Behavior\ReadHtmlCacheBehavior [ RunTime:0.001064s ]
INFO: [ app_begin ] --END-- [ RunTime:0.001544s ]
ERR: 无法加载控制器:Public

[ 2017-05-03T14:58:35+08:00 ] 127.0.0.1 /Public/weixin/css/bootstrap.min.css.map
INFO: [ app_init ] --START--
INFO: Run Behavior\BuildLiteBehavior [ RunTime:0.000062s ]
INFO: [ app_init ] --END-- [ RunTime:0.001197s ]
INFO: [ app_begin ] --START--
INFO: Run Behavior\ReadHtmlCacheBehavior [ RunTime:0.001292s ]
INFO: [ app_begin ] --END-- [ RunTime:0.001684s ]
ERR: 无法加载控制器:Public

