[ 2017-05-23T09:54:56+08:00 ] 127.0.0.1 /home/Product/getProductList
INFO: [ app_init ] --START--
INFO: Run Behavior\BuildLiteBehavior [ RunTime:0.002248s ]
INFO: [ app_init ] --END-- [ RunTime:0.013479s ]
INFO: [ app_begin ] --START--
INFO: Run Behavior\ReadHtmlCacheBehavior [ RunTime:0.009239s ]
INFO: [ app_begin ] --END-- [ RunTime:0.009423s ]

[ 2017-05-23T10:13:20+08:00 ] 127.0.0.1 /home/order/goToPay/userid/12/ticket/auzSgnxeQtRMKPc/trade_sn/17052310113052102/pay_id/2
INFO: [ app_init ] --START--
INFO: Run Behavior\BuildLiteBehavior [ RunTime:0.000060s ]
INFO: [ app_init ] --END-- [ RunTime:0.003220s ]
INFO: [ app_begin ] --START--
INFO: Run Behavior\ReadHtmlCacheBehavior [ RunTime:0.003778s ]
INFO: [ app_begin ] --END-- [ RunTime:0.005191s ]
SQL: SHOW COLUMNS FROM `j_userlogin` [ RunTime:0.0788s ]
SQL: SELECT * FROM `j_userlogin` WHERE ( `ticket` = 'auzSgnxeQtRMKPc' ) LIMIT 1   [ RunTime:0.0087s ]
SQL: SHOW COLUMNS FROM `j_order` [ RunTime:0.0081s ]
SQL: SHOW COLUMNS FROM `j_order_detail` [ RunTime:0.0050s ]
SQL: SELECT * FROM `j_order` WHERE `trade_sn` = '17052310113052102' AND `userid` = 0 LIMIT 1   [ RunTime:0.0121s ]

[ 2017-05-23T10:13:59+08:00 ] 127.0.0.1 /home/order/goToPay/user_id/12/ticket/auzSgnxeQtRMKPc/trade_sn/17052310113052102/pay_id/2
INFO: [ app_init ] --START--
INFO: Run Behavior\BuildLiteBehavior [ RunTime:0.000051s ]
INFO: [ app_init ] --END-- [ RunTime:0.001027s ]
INFO: [ app_begin ] --START--
INFO: Run Behavior\ReadHtmlCacheBehavior [ RunTime:0.000916s ]
INFO: [ app_begin ] --END-- [ RunTime:0.001098s ]
SQL: SHOW COLUMNS FROM `j_userlogin` [ RunTime:0.0032s ]
SQL: SELECT * FROM `j_userlogin` WHERE ( `ticket` = 'auzSgnxeQtRMKPc' ) LIMIT 1   [ RunTime:0.0004s ]

[ 2017-05-23T10:15:34+08:00 ] 127.0.0.1 /home/order/goToPay?user_id=12&ticket=auzSgnxeQtRMKPc&trade_sn=17052310113052102&pay_id=2
INFO: [ app_init ] --START--
INFO: Run Behavior\BuildLiteBehavior [ RunTime:0.000058s ]
INFO: [ app_init ] --END-- [ RunTime:0.000911s ]
INFO: [ app_begin ] --START--
INFO: Run Behavior\ReadHtmlCacheBehavior [ RunTime:0.000703s ]
INFO: [ app_begin ] --END-- [ RunTime:0.000942s ]
SQL: SHOW COLUMNS FROM `j_userlogin` [ RunTime:0.0024s ]
SQL: SELECT * FROM `j_userlogin` WHERE ( `ticket` = 'auzSgnxeQtRMKPc' ) LIMIT 1   [ RunTime:0.0004s ]

[ 2017-05-23T10:15:37+08:00 ] 127.0.0.1 /home/order/goToPay?user_id=12&ticket=auzSgnxeQtRMKPc&trade_sn=17052310113052102&pay_id=2
INFO: [ app_init ] --START--
INFO: Run Behavior\BuildLiteBehavior [ RunTime:0.000024s ]
INFO: [ app_init ] --END-- [ RunTime:0.000348s ]
INFO: [ app_begin ] --START--
INFO: Run Behavior\ReadHtmlCacheBehavior [ RunTime:0.000385s ]
INFO: [ app_begin ] --END-- [ RunTime:0.000500s ]
SQL: SHOW COLUMNS FROM `j_userlogin` [ RunTime:0.0030s ]
SQL: SELECT * FROM `j_userlogin` WHERE ( `ticket` = 'auzSgnxeQtRMKPc' ) LIMIT 1   [ RunTime:0.0004s ]

[ 2017-05-23T10:17:38+08:00 ] 127.0.0.1 /home/order/goToPay?user_id=12&ticket=auzSgnxeQtRMKPc&trade_sn=17052310113052102&pay_id=2
INFO: [ app_init ] --START--
INFO: Run Behavior\BuildLiteBehavior [ RunTime:0.000090s ]
INFO: [ app_init ] --END-- [ RunTime:0.001134s ]
INFO: [ app_begin ] --START--
INFO: Run Behavior\ReadHtmlCacheBehavior [ RunTime:0.000843s ]
INFO: [ app_begin ] --END-- [ RunTime:0.000992s ]
SQL: SHOW COLUMNS FROM `j_userlogin` [ RunTime:0.0040s ]
SQL: SELECT * FROM `j_userlogin` WHERE ( `ticket` = 'auzSgnxeQtRMKPc' ) LIMIT 1   [ RunTime:0.0024s ]

[ 2017-05-23T10:18:22+08:00 ] 127.0.0.1 /home/order/goToPay?user_id=12&ticket=auzSgnxeQtRMKPc&trade_sn=17052310113052102&pay_id=2
INFO: [ app_init ] --START--
INFO: Run Behavior\BuildLiteBehavior [ RunTime:0.000077s ]
INFO: [ app_init ] --END-- [ RunTime:0.001158s ]
INFO: [ app_begin ] --START--
INFO: Run Behavior\ReadHtmlCacheBehavior [ RunTime:0.001236s ]
INFO: [ app_begin ] --END-- [ RunTime:0.001565s ]
SQL: SHOW COLUMNS FROM `j_userlogin` [ RunTime:0.0022s ]
SQL: SELECT * FROM `j_userlogin` WHERE ( `ticket` = 'auzSgnxeQtRMKPc' ) LIMIT 1   [ RunTime:0.0005s ]

[ 2017-05-23T11:01:01+08:00 ] 127.0.0.1 /home/Product/getProductList
INFO: [ app_init ] --START--
INFO: Run Behavior\BuildLiteBehavior [ RunTime:0.000054s ]
INFO: [ app_init ] --END-- [ RunTime:0.000957s ]
INFO: [ app_begin ] --START--
INFO: Run Behavior\ReadHtmlCacheBehavior [ RunTime:0.000583s ]
INFO: [ app_begin ] --END-- [ RunTime:0.000767s ]
SQL: SHOW COLUMNS FROM `j_product` [ RunTime:0.0108s ]
SQL: UPDATE `j_product` SET `inventory`=inventory-1 WHERE `id` = 1 [ RunTime:0.0387s ]

[ 2017-05-23T11:01:23+08:00 ] 127.0.0.1 /home/Product/getProductList
INFO: [ app_init ] --START--
INFO: Run Behavior\BuildLiteBehavior [ RunTime:0.000057s ]
INFO: [ app_init ] --END-- [ RunTime:0.001051s ]
INFO: [ app_begin ] --START--
INFO: Run Behavior\ReadHtmlCacheBehavior [ RunTime:0.000934s ]
INFO: [ app_begin ] --END-- [ RunTime:0.001175s ]
SQL: SHOW COLUMNS FROM `j_product` [ RunTime:0.0143s ]
SQL: UPDATE `j_product` SET `inventory`=inventory-1 WHERE `id` = 1 [ RunTime:0.0023s ]

[ 2017-05-23T11:01:51+08:00 ] 127.0.0.1 /home/Product/getProductList
INFO: [ app_init ] --START--
INFO: Run Behavior\BuildLiteBehavior [ RunTime:0.000052s ]
INFO: [ app_init ] --END-- [ RunTime:0.000892s ]
INFO: [ app_begin ] --START--
INFO: Run Behavior\ReadHtmlCacheBehavior [ RunTime:0.000870s ]
INFO: [ app_begin ] --END-- [ RunTime:0.001038s ]
SQL: SHOW COLUMNS FROM `j_product` [ RunTime:0.0037s ]

[ 2017-05-23T11:02:15+08:00 ] 127.0.0.1 /home/Product/getProductList
INFO: [ app_init ] --START--
INFO: Run Behavior\BuildLiteBehavior [ RunTime:0.000027s ]
INFO: [ app_init ] --END-- [ RunTime:0.000750s ]
INFO: [ app_begin ] --START--
INFO: Run Behavior\ReadHtmlCacheBehavior [ RunTime:0.000714s ]
INFO: [ app_begin ] --END-- [ RunTime:0.000874s ]
SQL: SHOW COLUMNS FROM `j_product` [ RunTime:0.0021s ]
SQL: UPDATE `j_product` SET `inventory`=inventory-1 WHERE `id` = 1 [ RunTime:0.0009s ]

[ 2017-05-23T11:03:29+08:00 ] 127.0.0.1 /home/Product/getProductList
INFO: [ app_init ] --START--
INFO: Run Behavior\BuildLiteBehavior [ RunTime:0.000069s ]
INFO: [ app_init ] --END-- [ RunTime:0.001048s ]
INFO: [ app_begin ] --START--
INFO: Run Behavior\ReadHtmlCacheBehavior [ RunTime:0.000876s ]
INFO: [ app_begin ] --END-- [ RunTime:0.001037s ]
SQL: SHOW COLUMNS FROM `j_product` [ RunTime:0.0101s ]
SQL: UPDATE `j_product` SET `inventory`=inventory-1 WHERE `id` = 1 [ RunTime:0.0029s ]

[ 2017-05-23T11:03:30+08:00 ] 127.0.0.1 /home/Product/getProductList
INFO: [ app_init ] --START--
INFO: Run Behavior\BuildLiteBehavior [ RunTime:0.000027s ]
INFO: [ app_init ] --END-- [ RunTime:0.000523s ]
INFO: [ app_begin ] --START--
INFO: Run Behavior\ReadHtmlCacheBehavior [ RunTime:0.000390s ]
INFO: [ app_begin ] --END-- [ RunTime:0.000493s ]
SQL: SHOW COLUMNS FROM `j_product` [ RunTime:0.0128s ]
SQL: UPDATE `j_product` SET `inventory`=inventory-1 WHERE `id` = 1 [ RunTime:0.0039s ]

[ 2017-05-23T11:03:32+08:00 ] 127.0.0.1 /home/Product/getProductList
INFO: [ app_init ] --START--
INFO: Run Behavior\BuildLiteBehavior [ RunTime:0.000024s ]
INFO: [ app_init ] --END-- [ RunTime:0.000344s ]
INFO: [ app_begin ] --START--
INFO: Run Behavior\ReadHtmlCacheBehavior [ RunTime:0.000517s ]
INFO: [ app_begin ] --END-- [ RunTime:0.000675s ]
SQL: SHOW COLUMNS FROM `j_product` [ RunTime:0.0037s ]
SQL: UPDATE `j_product` SET `inventory`=inventory-1 WHERE `id` = 1 [ RunTime:0.0022s ]

[ 2017-05-23T11:04:12+08:00 ] 127.0.0.1 /home/Product/getProductList
INFO: [ app_init ] --START--
INFO: Run Behavior\BuildLiteBehavior [ RunTime:0.000053s ]
INFO: [ app_init ] --END-- [ RunTime:0.000934s ]
INFO: [ app_begin ] --START--
INFO: Run Behavior\ReadHtmlCacheBehavior [ RunTime:0.000881s ]
INFO: [ app_begin ] --END-- [ RunTime:0.001027s ]
SQL: SHOW COLUMNS FROM `j_product` [ RunTime:0.0020s ]
SQL: UPDATE `j_product` SET `inventory`=inventory-1 WHERE `id` = 1 [ RunTime:0.0035s ]

[ 2017-05-23T11:04:31+08:00 ] 127.0.0.1 /home/Product/getProductList
INFO: [ app_init ] --START--
INFO: Run Behavior\BuildLiteBehavior [ RunTime:0.000299s ]
INFO: [ app_init ] --END-- [ RunTime:0.003279s ]
INFO: [ app_begin ] --START--
INFO: Run Behavior\ReadHtmlCacheBehavior [ RunTime:0.001120s ]
INFO: [ app_begin ] --END-- [ RunTime:0.001352s ]
SQL: SHOW COLUMNS FROM `j_product` [ RunTime:0.0026s ]
SQL: UPDATE `j_product` SET `inventory`=inventory-2 WHERE `id` = 1 [ RunTime:0.0038s ]

[ 2017-05-23T11:14:44+08:00 ] 127.0.0.1 /home/Product/getProductList
INFO: [ app_init ] --START--
INFO: Run Behavior\BuildLiteBehavior [ RunTime:0.000071s ]
INFO: [ app_init ] --END-- [ RunTime:0.001775s ]
INFO: [ app_begin ] --START--
INFO: Run Behavior\ReadHtmlCacheBehavior [ RunTime:0.001199s ]
INFO: [ app_begin ] --END-- [ RunTime:0.001369s ]
SQL: SHOW COLUMNS FROM `j_product` [ RunTime:0.0029s ]

