[ 2017-04-29T14:18:56+08:00 ] 127.0.0.1 /home/index/getCompanyData
INFO: [ app_init ] --START--
INFO: Run Behavior\BuildLiteBehavior [ RunTime:0.000089s ]
INFO: [ app_init ] --END-- [ RunTime:0.014423s ]
INFO: [ app_begin ] --START--
INFO: Run Behavior\ReadHtmlCacheBehavior [ RunTime:0.016246s ]
INFO: [ app_begin ] --END-- [ RunTime:0.016943s ]
SQL: SHOW COLUMNS FROM `j_company` [ RunTime:0.0286s ]
SQL: SELECT * FROM `j_company` WHERE `id` = 1 LIMIT 1   [ RunTime:0.0010s ]
INFO: [ app_end ] --START--
INFO: Run Behavior\ShowPageTraceBehavior [ RunTime:0.013989s ]
INFO: [ app_end ] --END-- [ RunTime:0.014291s ]

[ 2017-04-29T14:19:10+08:00 ] 127.0.0.1 /home/index/getCompanyData
INFO: [ app_init ] --START--
INFO: Run Behavior\BuildLiteBehavior [ RunTime:0.000041s ]
INFO: [ app_init ] --END-- [ RunTime:0.000772s ]
INFO: [ app_begin ] --START--
INFO: Run Behavior\ReadHtmlCacheBehavior [ RunTime:0.000973s ]
INFO: [ app_begin ] --END-- [ RunTime:0.001196s ]
SQL: SHOW COLUMNS FROM `j_company` [ RunTime:0.0029s ]
SQL: SELECT * FROM `j_company` WHERE `id` = 1 LIMIT 1   [ RunTime:0.0005s ]
INFO: [ app_end ] --START--
INFO: Run Behavior\ShowPageTraceBehavior [ RunTime:0.001132s ]
INFO: [ app_end ] --END-- [ RunTime:0.001395s ]

[ 2017-04-29T14:23:38+08:00 ] 127.0.0.1 /home/product/getProductList/cate_id/2
INFO: [ app_init ] --START--
INFO: Run Behavior\BuildLiteBehavior [ RunTime:0.000037s ]
INFO: [ app_init ] --END-- [ RunTime:0.000771s ]
INFO: [ app_begin ] --START--
INFO: Run Behavior\ReadHtmlCacheBehavior [ RunTime:0.003023s ]
INFO: [ app_begin ] --END-- [ RunTime:0.003657s ]
SQL: SHOW COLUMNS FROM `j_product` [ RunTime:0.0068s ]
SQL: SELECT `id`,`title`,`intro`,`price`,`img`,`thumb_img`,`inventory`,`usage_count`,`sale_count`,`cate_id` FROM `j_product` WHERE `cate_id` = 2 AND `isdel` = 1 AND `status` = 1 LIMIT 0,15   [ RunTime:0.0313s ]

[ 2017-04-29T14:41:56+08:00 ] 127.0.0.1 /Home/order/goToPay/user_id/2/ticket/jxptQntOgSdpHfi/trade_sn/17042517594425552/pay_id/2
INFO: [ app_init ] --START--
INFO: Run Behavior\BuildLiteBehavior [ RunTime:0.000038s ]
INFO: [ app_init ] --END-- [ RunTime:0.000769s ]
INFO: [ app_begin ] --START--
INFO: Run Behavior\ReadHtmlCacheBehavior [ RunTime:0.000925s ]
INFO: [ app_begin ] --END-- [ RunTime:0.001174s ]
SQL: SHOW COLUMNS FROM `j_userlogin` [ RunTime:0.0030s ]
SQL: SELECT * FROM `j_userlogin` WHERE ( `ticket` = 'jxptQntOgSdpHfi' ) LIMIT 1   [ RunTime:0.0005s ]
SQL: SHOW COLUMNS FROM `j_order` [ RunTime:0.0037s ]
SQL: SHOW COLUMNS FROM `j_order_detail` [ RunTime:0.0037s ]
SQL: SELECT * FROM `j_order` WHERE `trade_sn` = '17042517594425552' AND `userid` = 2 LIMIT 1   [ RunTime:0.0153s ]
NOTIC: [8] Undefined variable: openId D:\AAAA\ShuiMianBao\App\Home\Controller\OrderController.class.php 第 248 行.
NOTIC: [8] Undefined index: prepay_id D:\AAAA\ShuiMianBao\App\Home\Controller\OrderController.class.php 第 253 行.
NOTIC: [8] Undefined index: nonce_str D:\AAAA\ShuiMianBao\App\Home\Controller\OrderController.class.php 第 253 行.

[ 2017-04-29T14:42:13+08:00 ] 127.0.0.1 /Home/order/goToPay/user_id/2/ticket/jxptQntOgSdpHfi/trade_sn/17042517594425552/pay_id/2
INFO: [ app_init ] --START--
INFO: Run Behavior\BuildLiteBehavior [ RunTime:0.000044s ]
INFO: [ app_init ] --END-- [ RunTime:0.000739s ]
INFO: [ app_begin ] --START--
INFO: Run Behavior\ReadHtmlCacheBehavior [ RunTime:0.000853s ]
INFO: [ app_begin ] --END-- [ RunTime:0.001030s ]
SQL: SHOW COLUMNS FROM `j_userlogin` [ RunTime:0.0020s ]
SQL: SELECT * FROM `j_userlogin` WHERE ( `ticket` = 'jxptQntOgSdpHfi' ) LIMIT 1   [ RunTime:0.0006s ]
SQL: SHOW COLUMNS FROM `j_order` [ RunTime:0.0023s ]
SQL: SHOW COLUMNS FROM `j_order_detail` [ RunTime:0.0021s ]
SQL: SELECT * FROM `j_order` WHERE `trade_sn` = '17042517594425552' AND `userid` = 2 LIMIT 1   [ RunTime:0.0008s ]
NOTIC: [8] Undefined variable: openId D:\AAAA\ShuiMianBao\App\Home\Controller\OrderController.class.php 第 248 行.

[ 2017-04-29T14:43:12+08:00 ] 127.0.0.1 /Home/order/goToPay/user_id/2/ticket/jxptQntOgSdpHfi/trade_sn/17042517594425552/pay_id/2
INFO: [ app_init ] --START--
INFO: Run Behavior\BuildLiteBehavior [ RunTime:0.000036s ]
INFO: [ app_init ] --END-- [ RunTime:0.000618s ]
INFO: [ app_begin ] --START--
INFO: Run Behavior\ReadHtmlCacheBehavior [ RunTime:0.000842s ]
INFO: [ app_begin ] --END-- [ RunTime:0.001089s ]
SQL: SHOW COLUMNS FROM `j_userlogin` [ RunTime:0.0029s ]
SQL: SELECT * FROM `j_userlogin` WHERE ( `ticket` = 'jxptQntOgSdpHfi' ) LIMIT 1   [ RunTime:0.0004s ]
SQL: SHOW COLUMNS FROM `j_order` [ RunTime:0.0021s ]
SQL: SHOW COLUMNS FROM `j_order_detail` [ RunTime:0.0023s ]
SQL: SELECT * FROM `j_order` WHERE `trade_sn` = '17042517594425552' AND `userid` = 2 LIMIT 1   [ RunTime:0.0005s ]
NOTIC: [8] Undefined variable: openId D:\AAAA\ShuiMianBao\App\Home\Controller\OrderController.class.php 第 248 行.

[ 2017-04-29T14:43:34+08:00 ] 127.0.0.1 /Home/order/goToPay/user_id/2/ticket/jxptQntOgSdpHfi/trade_sn/17042517594425552/pay_id/2
INFO: [ app_init ] --START--
INFO: Run Behavior\BuildLiteBehavior [ RunTime:0.000037s ]
INFO: [ app_init ] --END-- [ RunTime:0.000723s ]
INFO: [ app_begin ] --START--
INFO: Run Behavior\ReadHtmlCacheBehavior [ RunTime:0.000939s ]
INFO: [ app_begin ] --END-- [ RunTime:0.001126s ]
SQL: SHOW COLUMNS FROM `j_userlogin` [ RunTime:0.0034s ]
SQL: SELECT * FROM `j_userlogin` WHERE ( `ticket` = 'jxptQntOgSdpHfi' ) LIMIT 1   [ RunTime:0.0005s ]
SQL: SHOW COLUMNS FROM `j_order` [ RunTime:0.0028s ]
SQL: SHOW COLUMNS FROM `j_order_detail` [ RunTime:0.0029s ]
SQL: SELECT * FROM `j_order` WHERE `trade_sn` = '17042517594425552' AND `userid` = 2 LIMIT 1   [ RunTime:0.0007s ]
NOTIC: [8] Undefined variable: openId D:\AAAA\ShuiMianBao\App\Home\Controller\OrderController.class.php 第 248 行.

[ 2017-04-29T14:44:22+08:00 ] 127.0.0.1 /Home/order/goToPay/user_id/2/ticket/jxptQntOgSdpHfi/trade_sn/17042517594425552/pay_id/2
INFO: [ app_init ] --START--
INFO: Run Behavior\BuildLiteBehavior [ RunTime:0.000048s ]
INFO: [ app_init ] --END-- [ RunTime:0.001128s ]
INFO: [ app_begin ] --START--
INFO: Run Behavior\ReadHtmlCacheBehavior [ RunTime:0.000881s ]
INFO: [ app_begin ] --END-- [ RunTime:0.001048s ]
SQL: SHOW COLUMNS FROM `j_userlogin` [ RunTime:0.0022s ]
SQL: SELECT * FROM `j_userlogin` WHERE ( `ticket` = 'jxptQntOgSdpHfi' ) LIMIT 1   [ RunTime:0.0005s ]
SQL: SHOW COLUMNS FROM `j_order` [ RunTime:0.0021s ]
SQL: SHOW COLUMNS FROM `j_order_detail` [ RunTime:0.0026s ]
SQL: SELECT * FROM `j_order` WHERE `trade_sn` = '17042517594425552' AND `userid` = 2 LIMIT 1   [ RunTime:0.0006s ]
NOTIC: [8] Undefined variable: openId D:\AAAA\ShuiMianBao\App\Home\Controller\OrderController.class.php 第 248 行.

